<?xml version="1.0" encoding="UTF-8"?>
<!-- Generated by org.testng.reporters.JUnitXMLReporter -->
<testsuite hostname="DESKTOP-A4U8454" name="BR" tests="9" failures="0" timestamp="4 Sep 2020 09:23:58 GMT" time="131.335" errors="0">
  <testcase name="logintoICSTest" time="22.503" classname="com.deere.ics.testcase.logintoApplication_pt_BR"/>
  <testcase name="ImpersonationTest" time="13.981" classname="com.deere.ics.testcase.logintoApplication_pt_BR"/>
  <testcase name="UsertypeLinkTest" time="18.855" classname="com.deere.ics.testcase.logintoApplication_pt_BR"/>
  <testcase name="SoldandShipToTest" time="12.477" classname="com.deere.ics.testcase.logintoApplication_pt_BR"/>
  <testcase name="BasecodeSelectionTest" time="24.574" classname="com.deere.ics.testcase.logintoApplication_pt_BR"/>
  <testcase name="BuildyourProductTest" time="20.063" classname="com.deere.ics.testcase.logintoApplication_pt_BR"/>
  <testcase name="CustomizeproductTest" time="1.891" classname="com.deere.ics.testcase.logintoApplication_pt_BR"/>
  <testcase name="ViewSummarypageTest" time="5.778" classname="com.deere.ics.testcase.logintoApplication_pt_BR"/>
  <testcase name="SavetheCartTest" time="11.178" classname="com.deere.ics.testcase.logintoApplication_pt_BR"/>
</testsuite> <!-- BR -->
