<?xml version="1.0" encoding="UTF-8"?>
<!-- Generated by org.testng.reporters.JUnitXMLReporter -->
<testsuite hostname="DESKTOP-A4U8454" name="BR_AG" tests="9" failures="0" timestamp="9 Sep 2020 11:53:04 GMT" time="128.665" errors="0">
  <testcase name="logintoICSTest_pt_BR_AG" time="20.575" classname="com.deere.ics.testcase.logintoApplication_pt_BR_AG"/>
  <testcase name="ImpersonationTest_pt_BR_AG" time="13.207" classname="com.deere.ics.testcase.logintoApplication_pt_BR_AG"/>
  <testcase name="UsertypeLinkTest_pt_BR_AG" time="15.765" classname="com.deere.ics.testcase.logintoApplication_pt_BR_AG"/>
  <testcase name="SoldandShipToTest_pt_BR_AG" time="14.242" classname="com.deere.ics.testcase.logintoApplication_pt_BR_AG"/>
  <testcase name="BasecodeSelectionTest_pt_BR_AG" time="19.459" classname="com.deere.ics.testcase.logintoApplication_pt_BR_AG"/>
  <testcase name="BuildyourProductTest_pt_BR_AG" time="15.874" classname="com.deere.ics.testcase.logintoApplication_pt_BR_AG"/>
  <testcase name="CustomizeproductTest" time="1.929" classname="com.deere.ics.testcase.logintoApplication_pt_BR_AG"/>
  <testcase name="ViewSummarypageTest" time="9.813" classname="com.deere.ics.testcase.logintoApplication_pt_BR_AG"/>
  <testcase name="SavetheCartTest" time="17.75" classname="com.deere.ics.testcase.logintoApplication_pt_BR_AG"/>
</testsuite> <!-- BR_AG -->
