<?xml version="1.0" encoding="UTF-8"?>
<!-- Generated by org.testng.reporters.JUnitXMLReporter -->
<testsuite hostname="DESKTOP-A4U8454" name="CA" tests="8" failures="0" timestamp="4 Sep 2020 09:23:18 GMT" time="91.472" errors="0">
  <testcase name="logintoICSTest" time="10.28" classname="com.deere.ics.testcase.logintoApplication_en_CA"/>
  <testcase name="ImpersonationTest" time="18.239" classname="com.deere.ics.testcase.logintoApplication_en_CA"/>
  <testcase name="UsertypeLinkTest" time="9.124" classname="com.deere.ics.testcase.logintoApplication_en_CA"/>
  <testcase name="BasecodeSelectionTest" time="20.229" classname="com.deere.ics.testcase.logintoApplication_en_CA"/>
  <testcase name="BuildyourProductTest" time="18.707" classname="com.deere.ics.testcase.logintoApplication_en_CA"/>
  <testcase name="CustomizeproductTest" time="2.434" classname="com.deere.ics.testcase.logintoApplication_en_CA"/>
  <testcase name="ViewSummarypageTest" time="4.572" classname="com.deere.ics.testcase.logintoApplication_en_CA"/>
  <testcase name="SavetheCartTest" time="7.837" classname="com.deere.ics.testcase.logintoApplication_en_CA"/>
</testsuite> <!-- CA -->
