<?xml version="1.0" encoding="UTF-8"?>
<!-- Generated by org.testng.reporters.JUnitXMLReporter -->
<testsuite hostname="DESKTOP-A4U8454" name="en_CA" tests="8" failures="0" timestamp="25 Aug 2020 12:06:52 GMT" time="113.63" errors="0">
  <testcase name="logintoICSTest" time="13.211" classname="com.deere.ics.testcase.logintoApplication_en_CA"/>
  <testcase name="ImpersonationTest" time="21.921" classname="com.deere.ics.testcase.logintoApplication_en_CA"/>
  <testcase name="UsertypeLinkTest" time="10.095" classname="com.deere.ics.testcase.logintoApplication_en_CA"/>
  <testcase name="BasecodeSelectionTest" time="24.219" classname="com.deere.ics.testcase.logintoApplication_en_CA"/>
  <testcase name="BuildyourProductTest" time="24.299" classname="com.deere.ics.testcase.logintoApplication_en_CA"/>
  <testcase name="CustomizeproductTest" time="2.961" classname="com.deere.ics.testcase.logintoApplication_en_CA"/>
  <testcase name="ViewSummarypageTest" time="9.747" classname="com.deere.ics.testcase.logintoApplication_en_CA"/>
  <testcase name="SavetheCartTest" time="7.041" classname="com.deere.ics.testcase.logintoApplication_en_CA"/>
</testsuite> <!-- en_CA -->
