<?xml version="1.0" encoding="UTF-8"?>
<!-- Generated by org.testng.reporters.JUnitXMLReporter -->
<testsuite hostname="DESKTOP-A4U8454" name="Test" tests="9" failures="0" timestamp="3 Sep 2020 09:14:17 GMT" time="92.886" errors="0">
  <testcase name="logintoICSTest" time="14.56" classname="com.deere.ics.testcase.logintoApplication_en_US"/>
  <testcase name="ImpersonationTest" time="13.242" classname="com.deere.ics.testcase.logintoApplication_en_US"/>
  <testcase name="UsertypeLinkTest" time="8.849" classname="com.deere.ics.testcase.logintoApplication_en_US"/>
  <testcase name="BasecodeSelectionTest" time="21.965" classname="com.deere.ics.testcase.logintoApplication_en_US"/>
  <testcase name="BuildyourProductTest" time="16.396" classname="com.deere.ics.testcase.logintoApplication_en_US"/>
  <testcase name="CustomizeproductTest" time="2.373" classname="com.deere.ics.testcase.logintoApplication_en_US"/>
  <testcase name="ViewSummarypageTest" time="4.744" classname="com.deere.ics.testcase.logintoApplication_en_US"/>
  <testcase name="SavetheCartTest" time="10.604" classname="com.deere.ics.testcase.logintoApplication_en_US"/>
  <testcase name="BasecodeSelectionTest" time="0.09" classname="com.deere.ics.testcase.logintoApplication_en_UStest"/>
</testsuite> <!-- Test -->
